<?xml version="1.0" encoding="UTF-8"?>
<testng-results skipped="0" failed="0" ignored="0" total="1" passed="1">
  <reporter-output>
  </reporter-output>
  <suite name="Default suite" duration-ms="79147" started-at="2021-08-21T18:52:50Z" finished-at="2021-08-21T18:54:09Z">
    <groups>
    </groups>
    <test name="Default test" duration-ms="79147" started-at="2021-08-21T18:52:50Z" finished-at="2021-08-21T18:54:09Z">
      <class name="com.amazon.test.AmazonTest">
        <test-method status="PASS" signature="setUp()[pri:0, instance:com.amazon.test.AmazonTest@475530b9]" name="setUp" is-config="true" duration-ms="11370" started-at="2021-08-22T00:22:50Z" finished-at="2021-08-22T00:23:01Z">
          <reporter-output>
          </reporter-output>
        </test-method> <!-- setUp -->
        <test-method status="PASS" signature="AddToCart()[pri:0, instance:com.amazon.test.AmazonTest@475530b9]" name="AddToCart" duration-ms="66744" started-at="2021-08-22T00:23:01Z" finished-at="2021-08-22T00:24:08Z">
          <reporter-output>
          </reporter-output>
        </test-method> <!-- AddToCart -->
        <test-method status="PASS" signature="tearDown()[pri:0, instance:com.amazon.test.AmazonTest@475530b9]" name="tearDown" is-config="true" duration-ms="1018" started-at="2021-08-22T00:24:08Z" finished-at="2021-08-22T00:24:09Z">
          <reporter-output>
          </reporter-output>
        </test-method> <!-- tearDown -->
      </class> <!-- com.amazon.test.AmazonTest -->
    </test> <!-- Default test -->
  </suite> <!-- Default suite -->
</testng-results>
